<?xml version="1.0" encoding="UTF-8"?>
<!-- Generated by org.testng.reporters.JUnitReportReporter -->
<testsuite hostname="DESKTOP-M2CO299" failures="0" tests="1" name="seleniumJenkinsDemo.SeleniumJenkinsDemo" time="0.015" errors="0" timestamp="14 Nov 2018 16:59:06 GMT" skipped="0">
  <testcase classname="seleniumJenkinsDemo.SeleniumJenkinsDemo" name="JenkinsDemo" time="0.015"/>
</testsuite> <!-- seleniumJenkinsDemo.SeleniumJenkinsDemo -->
