<?xml version="1.0" encoding="UTF-8"?>
<!-- Generated by org.testng.reporters.JUnitReportReporter -->
<testsuite hostname="DESKTOP-M2CO299" failures="0" tests="1" name="seleniumJenkinsDemo.JenkinsDemo" time="0.007" errors="0" timestamp="20 Nov 2018 03:32:46 GMT" skipped="0">
  <testcase classname="seleniumJenkinsDemo.JenkinsDemo" name="printJenkinsDemo" time="0.007"/>
</testsuite> <!-- seleniumJenkinsDemo.JenkinsDemo -->
